g++ -c -I/usr/local/include/CCfits -I/opt/ccfits/include/CCfits -lCCfits -lcfitsio -L/usr/local/lib/ -L/opt/ccfits/lib/ main_plates.cpp -o objects/main_plates.o
g++ -c -I/usr/local/include/CCfits -I/opt/ccfits/include/CCfits -lCCfits -lcfitsio -L/usr/local/lib/ -L/opt/ccfits/lib/ global_variables.cpp -o objects/global_variables.o
g++ -c -I/usr/local/include/CCfits -I/opt/ccfits/include/CCfits -lCCfits -lcfitsio -L/usr/local/lib/ -L/opt/ccfits/lib/ plate.cpp -o objects/plate.o
g++ -c -I/usr/local/include/CCfits -I/opt/ccfits/include/CCfits -lCCfits -lcfitsio -L/usr/local/lib/ -L/opt/ccfits/lib/ plate_neighbours.cpp -o objects/plate_neighbours.o
g++ -c -I/usr/local/include/CCfits -I/opt/ccfits/include/CCfits -lCCfits -lcfitsio -L/usr/local/lib/ -L/opt/ccfits/lib/ sphere_point.cpp -o objects/sphere_point.o
g++ -I/usr/local/include/CCfits -I/opt/ccfits/include/CCfits -lCCfits -lcfitsio -L/usr/local/lib/ -L/opt/ccfits/lib/ -fopenmp -Wall objects/main_plates.o objects/global_variables.o objects/plate.o objects/plate_neighbours.o objects/sphere_point.o -o programs/plates.run
./programs/plates.run
Initializing variables
Reading spectra catalog
plate 3655 contains 43 objects; ra = 83.0131; dec = 30.0424
Normalizing mean right ascension and declination for the different plates
plate 3655 : ra = 1.93054; dec = 0.698661
Creating neighbours map
inserting plate 3655; neigbours list size is 1
found plate 3655
Looking for neighbours
plate 3655 has the following neighbours:
3655 
Saving list of plates and neighbours
End of program
The program lasted 0 seconds. This corresponds to 0 minutes or 0 hours
g++ -c -I/usr/local/include/CCfits -I/opt/ccfits/include/CCfits -lCCfits -lcfitsio -L/usr/local/lib/ -L/opt/ccfits/lib/ main_correlation.cpp -o objects/main_correlation.o
g++ -c -I/usr/local/include/CCfits -I/opt/ccfits/include/CCfits -lCCfits -lcfitsio -L/usr/local/lib/ -L/opt/ccfits/lib/ astro_object.cpp -o objects/astro_object.o
g++ -c -I/usr/local/include/CCfits -I/opt/ccfits/include/CCfits -lCCfits -lcfitsio -L/usr/local/lib/ -L/opt/ccfits/lib/ astro_object_dataset.cpp -o objects/astro_object_dataset.o
g++ -c -I/usr/local/include/CCfits -I/opt/ccfits/include/CCfits -lCCfits -lcfitsio -L/usr/local/lib/ -L/opt/ccfits/lib/ correlation_plate.cpp -o objects/correlation_plate.o
g++ -c -I/usr/local/include/CCfits -I/opt/ccfits/include/CCfits -lCCfits -lcfitsio -L/usr/local/lib/ -L/opt/ccfits/lib/ correlation_results.cpp -o objects/correlation_results.o
g++ -c -I/usr/local/include/CCfits -I/opt/ccfits/include/CCfits -lCCfits -lcfitsio -L/usr/local/lib/ -L/opt/ccfits/lib/ dataset.cpp -o objects/dataset.o
g++ -c -I/usr/local/include/CCfits -I/opt/ccfits/include/CCfits -lCCfits -lcfitsio -L/usr/local/lib/ -L/opt/ccfits/lib/ interpolation_map.cpp -o objects/interpolation_map.o
g++ -c -I/usr/local/include/CCfits -I/opt/ccfits/include/CCfits -lCCfits -lcfitsio -L/usr/local/lib/ -L/opt/ccfits/lib/ lya_pixel.cpp -o objects/lya_pixel.o
g++ -c -I/usr/local/include/CCfits -I/opt/ccfits/include/CCfits -lCCfits -lcfitsio -L/usr/local/lib/ -L/opt/ccfits/lib/ lya_spectra_dataset.cpp -o objects/lya_spectra_dataset.o
g++ -c -I/usr/local/include/CCfits -I/opt/ccfits/include/CCfits -lCCfits -lcfitsio -L/usr/local/lib/ -L/opt/ccfits/lib/ lya_spectrum.cpp -o objects/lya_spectrum.o
g++ -c -I/usr/local/include/CCfits -I/opt/ccfits/include/CCfits -lCCfits -lcfitsio -L/usr/local/lib/ -L/opt/ccfits/lib/ plots_object.cpp -o objects/plots_object.o
g++ -I/usr/local/include/CCfits -I/opt/ccfits/include/CCfits -lCCfits -lcfitsio -L/usr/local/lib/ -L/opt/ccfits/lib/ -fopenmp -Wall objects/main_correlation.o objects/astro_object.o objects/astro_object_dataset.o objects/correlation_plate.o objects/correlation_results.o objects/dataset.o objects/global_variables.o objects/interpolation_map.o objects/lya_pixel.o objects/lya_spectra_dataset.o objects/lya_spectrum.o objects/plate.o objects/plate_neighbours.o objects/plots_object.o objects/sphere_point.o -o programs/correlation.run
./programs/correlation.run
Initializing variables
Loading plate list
Loading quasar dataset
Loaded 163999 quasars
Plotting quasar dataset information
Loading spectra dataset
Loaded 42 spectra
Plotting spectra dataset information
Computing distances (in Mpc/h) to objects
Creating object in where cross-correlation results will be stored
Computing the cross-correlation
0 out of 1 computed
Plotting cross-correlation
End of program
The program lasted 26 seconds. This corresponds to 0.433333 minutes or 0.00722222 hours
python ../plots2/DR11Q_alpha_v0_RA_DEC_dispersion.py
python ../plots2/DR11Q_alpha_v0_z_histogram.py
python ../plots2/DR11Q_spectra_forest_RA_DEC_dispersion.py
python ../plots2/DR11Q_spectra_forest_z_histogram.py
python ../plots2/correlation_measurements.py
