g++ -c -I/usr/local/include/CCfits -I/opt/ccfits/include/CCfits -lCCfits -lcfitsio -L/usr/local/lib/ -L/opt/ccfits/lib/ main_plates.cpp -o objects/main_plates.o
g++ -c -I/usr/local/include/CCfits -I/opt/ccfits/include/CCfits -lCCfits -lcfitsio -L/usr/local/lib/ -L/opt/ccfits/lib/ global_variables.cpp -o objects/global_variables.o
g++ -c -I/usr/local/include/CCfits -I/opt/ccfits/include/CCfits -lCCfits -lcfitsio -L/usr/local/lib/ -L/opt/ccfits/lib/ plate.cpp -o objects/plate.o
g++ -c -I/usr/local/include/CCfits -I/opt/ccfits/include/CCfits -lCCfits -lcfitsio -L/usr/local/lib/ -L/opt/ccfits/lib/ plate_neighbours.cpp -o objects/plate_neighbours.o
g++ -c -I/usr/local/include/CCfits -I/opt/ccfits/include/CCfits -lCCfits -lcfitsio -L/usr/local/lib/ -L/opt/ccfits/lib/ sphere_point.cpp -o objects/sphere_point.o
g++ -I/usr/local/include/CCfits -I/opt/ccfits/include/CCfits -lCCfits -lcfitsio -L/usr/local/lib/ -L/opt/ccfits/lib/ -fopenmp -Wall objects/main_plates.o objects/global_variables.o objects/plate.o objects/plate_neighbours.o objects/sphere_point.o -o programs/plates.run
./programs/plates.run
Initializing variables
Reading spectra catalog
read 100 spectra
read 200 spectra
plate 3586 contains 12 objects; ra = 1.76829; dec = 0.0616317
plate 3587 contains 21 objects; ra = 3.34021; dec = 0.0152507
plate 3588 contains 27 objects; ra = 4.60352; dec = 0.0554365
plate 3589 contains 6 objects; ra = 1.19686; dec = -0.0274334
plate 3590 contains 29 objects; ra = 6.21419; dec = -0.0963083
plate 3606 contains 29 objects; ra = 14.3399; dec = 0.0100017
plate 3609 contains 17 objects; ra = 9.24931; dec = 0.141216
plate 3615 contains 52 objects; ra = 33.7128; dec = -0.0383779
plate 3639 contains 14 objects; ra = 6.01223; dec = -0.139356
plate 3647 contains 2 objects; ra = 1.28661; dec = 0.0297817
plate 3650 contains 19 objects; ra = 13.2067; dec = 0.147874
plate 3651 contains 7 objects; ra = 5.0147; dec = -0.012131
plate 3655 contains 43 objects; ra = 83.0131; dec = 30.0424
Normalizing mean right ascension and declination for the different plates
plate 3586 : ra = 0.147358; dec = 0.00513598
plate 3587 : ra = 0.159057; dec = 0.000726222
plate 3588 : ra = 0.170501; dec = 0.0020532
plate 3589 : ra = 0.199476; dec = -0.00457223
plate 3590 : ra = 0.214282; dec = -0.00332098
plate 3606 : ra = 0.494479; dec = 0.000344885
plate 3609 : ra = 0.544077; dec = 0.00830683
plate 3615 : ra = 0.648322; dec = -0.000738037
plate 3639 : ra = 0.429445; dec = -0.00995398
plate 3647 : ra = 0.643303; dec = 0.0148908
plate 3650 : ra = 0.695088; dec = 0.00778286
plate 3651 : ra = 0.716386; dec = -0.00173301
plate 3655 : ra = 1.93054; dec = 0.698661
Creating neighbours map
inserting plate 3586; neigbours list size is 1
inserting plate 3587; neigbours list size is 2
inserting plate 3588; neigbours list size is 3
inserting plate 3589; neigbours list size is 4
inserting plate 3590; neigbours list size is 5
inserting plate 3606; neigbours list size is 6
inserting plate 3609; neigbours list size is 7
inserting plate 3615; neigbours list size is 8
inserting plate 3639; neigbours list size is 9
inserting plate 3647; neigbours list size is 10
inserting plate 3650; neigbours list size is 11
inserting plate 3651; neigbours list size is 12
inserting plate 3655; neigbours list size is 13
found plate 3586
found plate 3587
found plate 3588
found plate 3589
found plate 3590
found plate 3606
found plate 3609
found plate 3615
found plate 3639
found plate 3647
found plate 3650
found plate 3651
found plate 3655
Looking for neighbours
checking plates 3586 and 3587
checking plates 3586 and 3588
checking plates 3586 and 3589
checking plates 3586 and 3590
checking plates 3586 and 3606
checking plates 3586 and 3609
checking plates 3586 and 3615
checking plates 3586 and 3639
checking plates 3586 and 3647
checking plates 3586 and 3650
checking plates 3586 and 3651
checking plates 3586 and 3655
checking plates 3587 and 3588
checking plates 3587 and 3589
checking plates 3587 and 3590
checking plates 3587 and 3606
checking plates 3587 and 3609
checking plates 3587 and 3615
checking plates 3587 and 3639
checking plates 3587 and 3647
checking plates 3587 and 3650
checking plates 3587 and 3651
checking plates 3587 and 3655
checking plates 3588 and 3589
checking plates 3588 and 3590
checking plates 3588 and 3606
checking plates 3588 and 3609
checking plates 3588 and 3615
checking plates 3588 and 3639
checking plates 3588 and 3647
checking plates 3588 and 3650
checking plates 3588 and 3651
checking plates 3588 and 3655
checking plates 3589 and 3590
checking plates 3589 and 3606
checking plates 3589 and 3609
checking plates 3589 and 3615
checking plates 3589 and 3639
checking plates 3589 and 3647
checking plates 3589 and 3650
checking plates 3589 and 3651
checking plates 3589 and 3655
checking plates 3590 and 3606
checking plates 3590 and 3609
checking plates 3590 and 3615
checking plates 3590 and 3639
checking plates 3590 and 3647
checking plates 3590 and 3650
checking plates 3590 and 3651
checking plates 3590 and 3655
checking plates 3606 and 3609
checking plates 3606 and 3615
checking plates 3606 and 3639
checking plates 3606 and 3647
checking plates 3606 and 3650
checking plates 3606 and 3651
checking plates 3606 and 3655
checking plates 3609 and 3615
checking plates 3609 and 3639
checking plates 3609 and 3647
checking plates 3609 and 3650
checking plates 3609 and 3651
checking plates 3609 and 3655
checking plates 3615 and 3639
checking plates 3615 and 3647
checking plates 3615 and 3650
checking plates 3615 and 3651
checking plates 3615 and 3655
checking plates 3639 and 3647
checking plates 3639 and 3650
checking plates 3639 and 3651
checking plates 3639 and 3655
checking plates 3647 and 3650
checking plates 3647 and 3651
checking plates 3647 and 3655
checking plates 3650 and 3651
checking plates 3650 and 3655
checking plates 3651 and 3655
plate 3586 has the following neighbours:
3586 3587 3588 
plate 3587 has the following neighbours:
3587 3586 3588 3589 
plate 3588 has the following neighbours:
3588 3586 3587 3589 3590 
plate 3589 has the following neighbours:
3589 3587 3588 3590 
plate 3590 has the following neighbours:
3590 3588 3589 
plate 3606 has the following neighbours:
3606 3609 
plate 3609 has the following neighbours:
3609 3606 
plate 3615 has the following neighbours:
3615 3647 3650 
plate 3639 has the following neighbours:
3639 
plate 3647 has the following neighbours:
3647 3615 3650 
plate 3650 has the following neighbours:
3650 3615 3647 3651 
plate 3651 has the following neighbours:
3651 3650 
plate 3655 has the following neighbours:
3655 
Saving list of plates and neighbours
End of program
The program lasted 3 seconds. This corresponds to 0.05 minutes or 0.000833333 hours
g++ -c -I/usr/local/include/CCfits -I/opt/ccfits/include/CCfits -lCCfits -lcfitsio -L/usr/local/lib/ -L/opt/ccfits/lib/ main_correlation.cpp -o objects/main_correlation.o
g++ -c -I/usr/local/include/CCfits -I/opt/ccfits/include/CCfits -lCCfits -lcfitsio -L/usr/local/lib/ -L/opt/ccfits/lib/ astro_object.cpp -o objects/astro_object.o
g++ -c -I/usr/local/include/CCfits -I/opt/ccfits/include/CCfits -lCCfits -lcfitsio -L/usr/local/lib/ -L/opt/ccfits/lib/ astro_object_dataset.cpp -o objects/astro_object_dataset.o
g++ -c -I/usr/local/include/CCfits -I/opt/ccfits/include/CCfits -lCCfits -lcfitsio -L/usr/local/lib/ -L/opt/ccfits/lib/ correlation_plate.cpp -o objects/correlation_plate.o
g++ -c -I/usr/local/include/CCfits -I/opt/ccfits/include/CCfits -lCCfits -lcfitsio -L/usr/local/lib/ -L/opt/ccfits/lib/ correlation_results.cpp -o objects/correlation_results.o
g++ -c -I/usr/local/include/CCfits -I/opt/ccfits/include/CCfits -lCCfits -lcfitsio -L/usr/local/lib/ -L/opt/ccfits/lib/ dataset.cpp -o objects/dataset.o
g++ -c -I/usr/local/include/CCfits -I/opt/ccfits/include/CCfits -lCCfits -lcfitsio -L/usr/local/lib/ -L/opt/ccfits/lib/ interpolation_map.cpp -o objects/interpolation_map.o
g++ -c -I/usr/local/include/CCfits -I/opt/ccfits/include/CCfits -lCCfits -lcfitsio -L/usr/local/lib/ -L/opt/ccfits/lib/ lya_pixel.cpp -o objects/lya_pixel.o
g++ -c -I/usr/local/include/CCfits -I/opt/ccfits/include/CCfits -lCCfits -lcfitsio -L/usr/local/lib/ -L/opt/ccfits/lib/ lya_spectra_dataset.cpp -o objects/lya_spectra_dataset.o
g++ -c -I/usr/local/include/CCfits -I/opt/ccfits/include/CCfits -lCCfits -lcfitsio -L/usr/local/lib/ -L/opt/ccfits/lib/ lya_spectrum.cpp -o objects/lya_spectrum.o
g++ -c -I/usr/local/include/CCfits -I/opt/ccfits/include/CCfits -lCCfits -lcfitsio -L/usr/local/lib/ -L/opt/ccfits/lib/ plots_object.cpp -o objects/plots_object.o
g++ -I/usr/local/include/CCfits -I/opt/ccfits/include/CCfits -lCCfits -lcfitsio -L/usr/local/lib/ -L/opt/ccfits/lib/ -fopenmp -Wall objects/main_correlation.o objects/astro_object.o objects/astro_object_dataset.o objects/correlation_plate.o objects/correlation_results.o objects/dataset.o objects/global_variables.o objects/interpolation_map.o objects/lya_pixel.o objects/lya_spectra_dataset.o objects/lya_spectrum.o objects/plate.o objects/plate_neighbours.o objects/plots_object.o objects/sphere_point.o -o programs/correlation.run
./programs/correlation.run
Initializing variables
Loading plate list
Loading quasar dataset
Loaded 163999 quasars
Plotting quasar dataset information
Loading spectra dataset
Loaded 277 spectra
Plotting spectra dataset information
Computing distances (in Mpc/h) to objects
Creating object in where cross-correlation results will be stored
Computing the cross-correlation
0 out of 13 computed
1 out of 13 computed
2 out of 13 computed
3 out of 13 computed
4 out of 13 computed
5 out of 13 computed
6 out of 13 computed
7 out of 13 computed
8 out of 13 computed
9 out of 13 computed
10 out of 13 computed
11 out of 13 computed
12 out of 13 computed
Plotting cross-correlation
End of program
The program lasted 187 seconds. This corresponds to 3.11667 minutes or 0.0519444 hours
python ../plots2/DR11Q_alpha_v0_RA_DEC_dispersion.py
python ../plots2/DR11Q_alpha_v0_z_histogram.py
python ../plots2/DR11Q_spectra_forest_RA_DEC_dispersion.py
python ../plots2/DR11Q_spectra_forest_z_histogram.py
python ../plots2/correlation_measurements.py
